<?xml version="1.0" encoding="UTF-8"?>
<testng-results ignored="0" total="2" passed="2" failed="0" skipped="0">
  <reporter-output>
  </reporter-output>
  <suite started-at="2024-10-29T23:18:28 EDT" name="Suite" finished-at="2024-10-29T23:18:36 EDT" duration-ms="8805">
    <groups>
    </groups>
    <test started-at="2024-10-29T23:18:28 EDT" name="TestChrome" finished-at="2024-10-29T23:18:36 EDT" duration-ms="8805">
      <class name="testCases.RegistrationTest">
        <test-method is-config="true" signature="LaunchBrowser(java.lang.String,java.lang.String)[pri:0, instance:testCases.RegistrationTest@5669c5fb]" started-at="2024-10-29T23:18:28 EDT" name="LaunchBrowser" finished-at="2024-10-29T23:18:32 EDT" duration-ms="4345" status="PASS">
          <params>
            <param index="0">
              <value>
                <![CDATA[windows]]>
              </value>
            </param>
            <param index="1">
              <value>
                <![CDATA[chrome]]>
              </value>
            </param>
          </params>
          <reporter-output>
          </reporter-output>
        </test-method> <!-- LaunchBrowser -->
        <test-method signature="registerWithValidCredentials()[pri:0, instance:testCases.RegistrationTest@5669c5fb]" started-at="2024-10-29T23:18:32 EDT" name="registerWithValidCredentials" finished-at="2024-10-29T23:18:34 EDT" duration-ms="2066" status="PASS">
          <reporter-output>
          </reporter-output>
        </test-method> <!-- registerWithValidCredentials -->
        <test-method is-config="true" signature="TearDown()[pri:0, instance:testCases.RegistrationTest@5669c5fb]" started-at="2024-10-29T23:18:34 EDT" name="TearDown" finished-at="2024-10-29T23:18:36 EDT" duration-ms="2238" status="PASS">
          <reporter-output>
          </reporter-output>
        </test-method> <!-- TearDown -->
      </class> <!-- testCases.RegistrationTest -->
    </test> <!-- TestChrome -->
  </suite> <!-- Suite -->
  <suite started-at="2024-10-29T23:18:39 EDT" name="Suite (0)" finished-at="2024-10-29T23:18:46 EDT" duration-ms="7319">
    <groups>
    </groups>
    <test started-at="2024-10-29T23:18:39 EDT" name="Test" finished-at="2024-10-29T23:18:46 EDT" duration-ms="7319">
      <class name="testCases.LoginTest2">
        <test-method is-config="true" signature="LaunchBrowser(java.lang.String,java.lang.String)[pri:0, instance:testCases.LoginTest2@47f4e407]" started-at="2024-10-29T23:18:39 EDT" name="LaunchBrowser" finished-at="2024-10-29T23:18:43 EDT" duration-ms="3992" status="PASS">
          <params>
            <param index="0">
              <value>
                <![CDATA[windows]]>
              </value>
            </param>
            <param index="1">
              <value>
                <![CDATA[chrome]]>
              </value>
            </param>
          </params>
          <reporter-output>
          </reporter-output>
        </test-method> <!-- LaunchBrowser -->
        <test-method signature="verifyLoginFunctionWithvalidCredentials()[pri:0, instance:testCases.LoginTest2@47f4e407]" started-at="2024-10-29T23:18:43 EDT" name="verifyLoginFunctionWithvalidCredentials" finished-at="2024-10-29T23:18:44 EDT" duration-ms="1065" status="PASS">
          <reporter-output>
          </reporter-output>
        </test-method> <!-- verifyLoginFunctionWithvalidCredentials -->
        <test-method is-config="true" signature="TearDown()[pri:0, instance:testCases.LoginTest2@47f4e407]" started-at="2024-10-29T23:18:44 EDT" name="TearDown" finished-at="2024-10-29T23:18:46 EDT" duration-ms="2256" status="PASS">
          <reporter-output>
          </reporter-output>
        </test-method> <!-- TearDown -->
      </class> <!-- testCases.LoginTest2 -->
    </test> <!-- Test -->
  </suite> <!-- Suite (0) -->
</testng-results>
