<?xml version="1.0" encoding="UTF-8"?>
<testng-results ignored="0" total="1" passed="1" failed="0" skipped="0">
  <reporter-output>
  </reporter-output>
  <suite started-at="2024-10-29T22:47:52 EDT" name="Suite" finished-at="2024-10-29T22:48:10 EDT" duration-ms="17657">
    <groups>
    </groups>
    <test started-at="2024-10-29T22:47:52 EDT" name="TestChrome" finished-at="2024-10-29T22:48:10 EDT" duration-ms="17657">
      <class name="testCases.RegistrationTest">
        <test-method is-config="true" signature="LaunchBrowser(java.lang.String,java.lang.String)[pri:0, instance:testCases.RegistrationTest@26e356f0]" started-at="2024-10-29T22:47:53 EDT" name="LaunchBrowser" finished-at="2024-10-29T22:48:05 EDT" duration-ms="12711" status="PASS">
          <params>
            <param index="0">
              <value>
                <![CDATA[windows]]>
              </value>
            </param>
            <param index="1">
              <value>
                <![CDATA[chrome]]>
              </value>
            </param>
          </params>
          <reporter-output>
          </reporter-output>
        </test-method> <!-- LaunchBrowser -->
        <test-method signature="registerWithValidCredentials()[pri:0, instance:testCases.RegistrationTest@26e356f0]" started-at="2024-10-29T22:48:05 EDT" name="registerWithValidCredentials" finished-at="2024-10-29T22:48:08 EDT" duration-ms="2417" status="PASS">
          <reporter-output>
          </reporter-output>
        </test-method> <!-- registerWithValidCredentials -->
        <test-method is-config="true" signature="TearDown()[pri:0, instance:testCases.RegistrationTest@26e356f0]" started-at="2024-10-29T22:48:08 EDT" name="TearDown" finished-at="2024-10-29T22:48:10 EDT" duration-ms="2222" status="PASS">
          <reporter-output>
          </reporter-output>
        </test-method> <!-- TearDown -->
      </class> <!-- testCases.RegistrationTest -->
    </test> <!-- TestChrome -->
  </suite> <!-- Suite -->
</testng-results>
